app/build/intermediates/manifest_merge_blame_file/debug/manifest-merger-blame-debug-report.txt
1<?xml version="1.0" encoding="utf-8"?>
2<manifest xmlns:android="http://schemas.android.com/apk/res/android"
3    package="com.example.smartglove"
4    android:versionCode="1"
5    android:versionName="1.0" >
6
7    <uses-sdk
8        android:minSdkVersion="15"
8-->src\main\AndroidManifest.xml
9        android:targetSdkVersion="28" />
9-->src\main\AndroidManifest.xml
10
11    <uses-permission android:name="android.permission.INTERNET" />
11-->src\main\AndroidManifest.xml:5:5-67
11-->src\main\AndroidManifest.xml:5:22-64
12    <uses-permission android:name="android.permission.ACCESS_NETWORK_STATE" />
12-->src\main\AndroidManifest.xml:6:5-79
12-->src\main\AndroidManifest.xml:6:22-76
13    <uses-permission android:name="android.permission.VIBRATE" />
13-->src\main\AndroidManifest.xml:7:5-66
13-->src\main\AndroidManifest.xml:7:22-63
14    <uses-permission android:name="android.permission.WRITE_EXTERNAL_STORAGE" />
14-->src\main\AndroidManifest.xml:8:5-81
14-->src\main\AndroidManifest.xml:8:22-78
15
16    <application
16-->src\main\AndroidManifest.xml:10:5-39:19
17        android:allowBackup="true"
17-->src\main\AndroidManifest.xml:11:9-35
18        android:appComponentFactory="android.support.v4.app.CoreComponentFactory"
18-->[com.android.support:support-compat:28.0.0] AndroidManifest.xml:22:18-91
19        android:debuggable="true"
20        android:icon="@mipmap/ic_launcher"
20-->src\main\AndroidManifest.xml:12:9-43
21        android:label="@string/app_name"
21-->src\main\AndroidManifest.xml:13:9-41
22        android:roundIcon="@mipmap/ic_launcher_round"
22-->src\main\AndroidManifest.xml:14:9-54
23        android:supportsRtl="true"
23-->src\main\AndroidManifest.xml:15:9-35
24        android:testOnly="true"
25        android:theme="@style/TemaSemBarra"
25-->src\main\AndroidManifest.xml:16:9-44
26        android:usesCleartextTraffic="true" >
26-->src\main\AndroidManifest.xml:17:9-44
27        <activity android:name="com.example.smartglove.Manual_Activity" />
27-->src\main\AndroidManifest.xml:18:9-62
27-->src\main\AndroidManifest.xml:18:19-50
28        <activity android:name="com.example.smartglove.Configuracoes_Activity" />
28-->src\main\AndroidManifest.xml:19:9-60
28-->src\main\AndroidManifest.xml:19:19-57
29        <activity android:name="com.example.smartglove.SairSystem" />
29-->src\main\AndroidManifest.xml:20:9-48
29-->src\main\AndroidManifest.xml:20:19-45
30        <activity android:name="com.example.smartglove.StarTreino_Activity" />
30-->src\main\AndroidManifest.xml:21:9-57
30-->src\main\AndroidManifest.xml:21:19-54
31        <activity android:name="com.example.smartglove.Avalicao_Activity" />
31-->src\main\AndroidManifest.xml:22:9-55
31-->src\main\AndroidManifest.xml:22:19-52
32        <activity android:name="com.example.smartglove.Grafico_Activity" />
32-->src\main\AndroidManifest.xml:23:9-54
32-->src\main\AndroidManifest.xml:23:19-51
33        <activity
33-->src\main\AndroidManifest.xml:24:9-33:20
34            android:name="com.example.smartglove.SplashScreen_Activity"
34-->src\main\AndroidManifest.xml:25:13-50
35            android:label="@string/app_name"
35-->src\main\AndroidManifest.xml:26:13-45
36            android:theme="@style/TemaSemBarra" >
36-->src\main\AndroidManifest.xml:27:13-48
37            <intent-filter>
37-->src\main\AndroidManifest.xml:28:13-32:29
38                <action android:name="android.intent.action.MAIN" />
38-->src\main\AndroidManifest.xml:29:17-69
38-->src\main\AndroidManifest.xml:29:25-66
39
40                <category android:name="android.intent.category.LAUNCHER" />
40-->src\main\AndroidManifest.xml:31:17-77
40-->src\main\AndroidManifest.xml:31:27-74
41            </intent-filter>
42        </activity>
43        <activity android:name="com.example.smartglove.Cadastro_Activity" />
43-->src\main\AndroidManifest.xml:34:9-55
43-->src\main\AndroidManifest.xml:34:19-52
44        <activity android:name="com.example.smartglove.Login_Activity" />
44-->src\main\AndroidManifest.xml:35:9-52
44-->src\main\AndroidManifest.xml:35:19-49
45        <activity
45-->src\main\AndroidManifest.xml:36:9-38:59
46            android:name="com.example.smartglove.MainActivity"
46-->src\main\AndroidManifest.xml:37:13-41
47            android:theme="@style/AppTheme.NoActionBar" />
47-->src\main\AndroidManifest.xml:38:13-56
48    </application>
49
50</manifest>